<?xml version="1.0" encoding="UTF-8"?>
<!-- Generated by org.testng.reporters.JUnitReportReporter -->
<testsuite hostname="DELL" failures="0" tests="1" name="TS_005_SEARCH.TC_SF_003_SEARCH_FUNCTIONALITY2" time="7.157" errors="0" timestamp="2024-05-03T08:29:13 IST" skipped="0">
  <testcase classname="TS_005_SEARCH.TC_SF_003_SEARCH_FUNCTIONALITY2" name="search_WITHOUT_location_gm_sf_001" time="7.157"/>
  <system-out/>
</testsuite> <!-- TS_005_SEARCH.TC_SF_003_SEARCH_FUNCTIONALITY2 -->
