<?xml version="1.0" encoding="UTF-8"?>
<!-- Generated by org.testng.reporters.JUnitReportReporter -->
<testsuite hostname="DELL" failures="0" tests="1" name="TS_005_SEARCH.TC_SF_006_SEARCH_FUNCTIONALITY2" time="5.056" errors="0" timestamp="2024-05-03T08:41:09 IST" skipped="0">
  <testcase classname="TS_005_SEARCH.TC_SF_006_SEARCH_FUNCTIONALITY2" name="search_placeholder_gm_sf_006" time="5.056"/>
  <system-out/>
</testsuite> <!-- TS_005_SEARCH.TC_SF_006_SEARCH_FUNCTIONALITY2 -->
