<?xml version="1.0" encoding="UTF-8"?>
<!-- Generated by org.testng.reporters.JUnitReportReporter -->
<testsuite hostname="DELL" failures="0" tests="1" name="TS_001_GM_REGISTRATION_FUNCTIONALITY.TC_008_GM_REGISTRATION_FUNCTIONALITY5" time="9.343" errors="0" timestamp="2024-05-09T10:12:42 IST" skipped="0">
  <testcase classname="TS_001_GM_REGISTRATION_FUNCTIONALITY.TC_008_GM_REGISTRATION_FUNCTIONALITY5" name="VALIDATE_title_url_GM_RF_008" time="9.343"/>
  <system-out>
    <![CDATA[method nameVALIDATE_title_url_GM_RF_008
method status1]]>
  </system-out>
</testsuite> <!-- TS_001_GM_REGISTRATION_FUNCTIONALITY.TC_008_GM_REGISTRATION_FUNCTIONALITY5 -->
