<?xml version="1.0" encoding="UTF-8"?>
<!-- Generated by org.testng.reporters.JUnitReportReporter -->
<testsuite hostname="DELL" failures="0" tests="1" name="TS_002_LOGIN_FUNCTIONALITY.TC_GM_001_LOGIN_FUNCTIONALITY" time="14.601" errors="0" timestamp="2024-05-03T14:25:53 IST" skipped="0">
  <testcase classname="TS_002_LOGIN_FUNCTIONALITY.TC_GM_001_LOGIN_FUNCTIONALITY" name="VALIDATE_VALID_CREDENTIAL_LOGIN_001" time="14.601"/>
  <system-out/>
</testsuite> <!-- TS_002_LOGIN_FUNCTIONALITY.TC_GM_001_LOGIN_FUNCTIONALITY -->
