<?xml version="1.0" encoding="UTF-8"?>
<!-- Generated by org.testng.reporters.JUnitReportReporter -->
<testsuite hostname="DELL" failures="0" tests="1" name="TS_005_SEARCH.TC_SF_005_SEARCH_FUNCTIONALITY2" time="5.927" errors="0" timestamp="2024-05-03T08:38:34 IST" skipped="0">
  <testcase classname="TS_005_SEARCH.TC_SF_005_SEARCH_FUNCTIONALITY2" name="search_multiple_location_gm_sf_005" time="5.927"/>
  <system-out/>
</testsuite> <!-- TS_005_SEARCH.TC_SF_005_SEARCH_FUNCTIONALITY2 -->
