<?xml version="1.0" encoding="UTF-8"?>
<!-- Generated by org.testng.reporters.JUnitReportReporter -->
<testsuite hostname="DELL" failures="0" tests="1" name="TS_002_LOGIN_FUNCTIONALITY.TC_GM_007_LOGIN_FUNCTIONALITY2" time="15.272" errors="0" timestamp="2024-05-01T13:43:33 IST" skipped="0">
  <testcase classname="TS_002_LOGIN_FUNCTIONALITY.TC_GM_007_LOGIN_FUNCTIONALITY2" name="VALIDATE_BACK_BUTTON_LOGIN_007" time="15.272"/>
  <system-out/>
</testsuite> <!-- TS_002_LOGIN_FUNCTIONALITY.TC_GM_007_LOGIN_FUNCTIONALITY2 -->
