<?xml version="1.0" encoding="UTF-8"?>
<!-- Generated by org.testng.reporters.JUnitReportReporter -->
<testsuite hostname="DELL" failures="0" tests="1" name="TS_004_FORGOT_PASSWORD_FUNCTIONALITY.TC_FP_001_FORGOT_PASSWORD_FUNCTIONALITY" time="15.101" errors="0" timestamp="2024-05-02T10:40:02 IST" skipped="0">
  <testcase classname="TS_004_FORGOT_PASSWORD_FUNCTIONALITY.TC_FP_001_FORGOT_PASSWORD_FUNCTIONALITY" name="validate_invalid_credintial_forgot_password_fp_001" time="15.101"/>
  <system-out/>
</testsuite> <!-- TS_004_FORGOT_PASSWORD_FUNCTIONALITY.TC_FP_001_FORGOT_PASSWORD_FUNCTIONALITY -->
