<?xml version="1.0" encoding="UTF-8"?>
<!-- Generated by org.testng.reporters.JUnitReportReporter -->
<testsuite hostname="DELL" failures="0" tests="1" name="TS_004_FORGOT_PASSWORD_FUNCTIONALITY.TC_FP_013_FORGOT_PASSWORD_FUNCTIONALITY2" time="21.381" errors="0" timestamp="2024-05-02T16:50:16 IST" skipped="0">
  <testcase classname="TS_004_FORGOT_PASSWORD_FUNCTIONALITY.TC_FP_013_FORGOT_PASSWORD_FUNCTIONALITY2" name="validate_invalid_credintial_forgot_password_fp_001" time="21.381"/>
  <system-out/>
</testsuite> <!-- TS_004_FORGOT_PASSWORD_FUNCTIONALITY.TC_FP_013_FORGOT_PASSWORD_FUNCTIONALITY2 -->
