<?xml version="1.0" encoding="UTF-8"?>
<!-- Generated by org.testng.reporters.JUnitReportReporter -->
<testsuite hostname="DELL" failures="0" tests="1" name="TS_005_SEARCH_FUNCTIONALITY.TC_SF_008_SEARCH_FUNCTIONALITY2" time="14.941" errors="0" timestamp="2024-05-09T14:02:07 IST" skipped="0">
  <testcase classname="TS_005_SEARCH_FUNCTIONALITY.TC_SF_008_SEARCH_FUNCTIONALITY2" name="search_title_url_gm_sf_008" time="14.941"/>
  <system-out>
    <![CDATA[method namesearch_title_url_gm_sf_008
method status1]]>
  </system-out>
</testsuite> <!-- TS_005_SEARCH_FUNCTIONALITY.TC_SF_008_SEARCH_FUNCTIONALITY2 -->
