<?xml version="1.0" encoding="UTF-8"?>
<!-- Generated by org.testng.reporters.JUnitReportReporter -->
<testsuite hostname="DELL" failures="0" tests="1" name="TS_007_LOCATION_DISPLAY_PAGE_FUNCTIONALITY.TC_LDP_003_gm_location_display_functionality2" time="5.140" errors="0" timestamp="2024-05-09T14:19:54 IST" skipped="0">
  <testcase classname="TS_007_LOCATION_DISPLAY_PAGE_FUNCTIONALITY.TC_LDP_003_gm_location_display_functionality2" name="Validate_location_discription_display_tc_gm_ldp_003" time="5.140"/>
  <system-out>
    <![CDATA[method nameValidate_location_discription_display_tc_gm_ldp_003
method status1]]>
  </system-out>
</testsuite> <!-- TS_007_LOCATION_DISPLAY_PAGE_FUNCTIONALITY.TC_LDP_003_gm_location_display_functionality2 -->
