<?xml version="1.0" encoding="UTF-8"?>
<!-- Generated by org.testng.reporters.JUnitReportReporter -->
<testsuite hostname="DELL" failures="0" tests="1" name="TS_008_CHANGE_PASSWORD_FUNCTIONALITY.TC_GM_002_CHANGE_PASSWORD" time="13.487" errors="0" timestamp="2024-05-09T15:19:18 IST" skipped="0">
  <testcase classname="TS_008_CHANGE_PASSWORD_FUNCTIONALITY.TC_GM_002_CHANGE_PASSWORD" name="VALIDATE_login__CHANGE_PASSWORD_FUNCTIONALITY_001" time="13.487"/>
  <system-out>
    <![CDATA[method nameVALIDATE_login__CHANGE_PASSWORD_FUNCTIONALITY_001
method status1]]>
  </system-out>
</testsuite> <!-- TS_008_CHANGE_PASSWORD_FUNCTIONALITY.TC_GM_002_CHANGE_PASSWORD -->
