<?xml version="1.0" encoding="UTF-8"?>
<!-- Generated by org.testng.reporters.JUnitReportReporter -->
<testsuite hostname="DELL" failures="0" tests="1" name="TS_007_LOCATION_DISPLAY_PAGE_FUNCTIONALITY.TC_LDP_017_gm_location_display_functionality5" time="11.497" errors="0" timestamp="2024-05-09T15:01:55 IST" skipped="0">
  <testcase classname="TS_007_LOCATION_DISPLAY_PAGE_FUNCTIONALITY.TC_LDP_017_gm_location_display_functionality5" name="Validate_click_on_restorents_display_tc_gm_ldp_017" time="11.497"/>
  <system-out>
    <![CDATA[method nameValidate_click_on_restorents_display_tc_gm_ldp_017
method status1]]>
  </system-out>
</testsuite> <!-- TS_007_LOCATION_DISPLAY_PAGE_FUNCTIONALITY.TC_LDP_017_gm_location_display_functionality5 -->
