<?xml version="1.0" encoding="UTF-8"?>
<!-- Generated by org.testng.reporters.JUnitReportReporter -->
<testsuite hostname="DELL" failures="0" tests="2" name="TS_005_SEARCH_FUNCTIONALITY.TC_SF_004_SEARCH_FUNCTIONALITY2" time="23.403" errors="0" timestamp="2024-05-09T14:02:07 IST" skipped="0">
  <testcase classname="TS_005_SEARCH_FUNCTIONALITY.TC_SF_004_SEARCH_FUNCTIONALITY2" name="VALIDATE_VALID_CREDENTIAL_LOGIN_001" time="8.514"/>
  <system-out>
    <![CDATA[method nameVALIDATE_VALID_CREDENTIAL_LOGIN_001
method status1]]>
  </system-out>
  <testcase classname="TS_005_SEARCH_FUNCTIONALITY.TC_SF_004_SEARCH_FUNCTIONALITY2" name="search_AFTER_LOGIN_location_gm_sf_004" time="14.889"/>
  <system-out>
    <![CDATA[method namesearch_AFTER_LOGIN_location_gm_sf_004
method status1]]>
  </system-out>
</testsuite> <!-- TS_005_SEARCH_FUNCTIONALITY.TC_SF_004_SEARCH_FUNCTIONALITY2 -->
