<?xml version="1.0" encoding="UTF-8"?>
<!-- Generated by org.testng.reporters.JUnitReportReporter -->
<testsuite hostname="DELL" failures="0" tests="1" name="TS_004_FORGOT_PASSWORD_FUNCTIONALITY.TC_FP_003_FORGOT_PASSWORD_FUNCTIONALITY4" time="8.980" errors="0" timestamp="2024-05-09T13:44:35 IST" skipped="0">
  <testcase classname="TS_004_FORGOT_PASSWORD_FUNCTIONALITY.TC_FP_003_FORGOT_PASSWORD_FUNCTIONALITY4" name="validate_placeholder_new_password_fp_003" time="8.980"/>
  <system-out>
    <![CDATA[method namevalidate_placeholder_new_password_fp_003
method status1]]>
  </system-out>
</testsuite> <!-- TS_004_FORGOT_PASSWORD_FUNCTIONALITY.TC_FP_003_FORGOT_PASSWORD_FUNCTIONALITY4 -->
