<?xml version="1.0" encoding="UTF-8"?>
<!-- Generated by org.testng.reporters.JUnitReportReporter -->
<testsuite hostname="DELL" failures="0" tests="1" name="TS_001_REGISTRATION_FUNCTIONALITY.TC_001_REGISTRATION_FUNCTIONALITY" time="14.368" errors="0" timestamp="2024-04-30T07:44:12 IST" skipped="0">
  <testcase classname="TS_001_REGISTRATION_FUNCTIONALITY.TC_001_REGISTRATION_FUNCTIONALITY" name="navigate_to_registration_page" time="14.368"/>
  <system-out/>
</testsuite> <!-- TS_001_REGISTRATION_FUNCTIONALITY.TC_001_REGISTRATION_FUNCTIONALITY -->
