<?xml version="1.0" encoding="UTF-8"?>
<!-- Generated by org.testng.reporters.JUnitReportReporter -->
<testsuite hostname="DELL" failures="0" tests="1" name="TS_003_LOGOUT_FUNCTIONALITY.TC_LG_003_LOGOUT_FUNCTIONALITY2" time="8.089" errors="0" timestamp="2024-05-02T08:41:24 IST" skipped="0">
  <testcase classname="TS_003_LOGOUT_FUNCTIONALITY.TC_LG_003_LOGOUT_FUNCTIONALITY2" name="logout_LF_LOGOUT_OPTION_NOT_DISPLAYED" time="8.089"/>
  <system-out/>
</testsuite> <!-- TS_003_LOGOUT_FUNCTIONALITY.TC_LG_003_LOGOUT_FUNCTIONALITY2 -->
