<?xml version="1.0" encoding="UTF-8"?>
<!-- Generated by org.testng.reporters.JUnitReportReporter -->
<testsuite hostname="DELL" failures="0" tests="1" name="TS_005_SEARCH.TC_SF_002_SEARCH_FUNCTIONALITY2" time="5.469" errors="0" timestamp="2024-05-03T08:06:02 IST" skipped="0">
  <testcase classname="TS_005_SEARCH.TC_SF_002_SEARCH_FUNCTIONALITY2" name="search_NON_existing_location_gm_sf_001" time="5.469"/>
  <system-out/>
</testsuite> <!-- TS_005_SEARCH.TC_SF_002_SEARCH_FUNCTIONALITY2 -->
