<?xml version="1.0" encoding="UTF-8"?>
<!-- Generated by org.testng.reporters.JUnitReportReporter -->
<testsuite hostname="DELL" failures="0" tests="1" name="TS_008_CHANGE_PASSWORD_FUNCTIONALITY.TC_GM_006_CHANGE_PASSWORD2" time="9.368" errors="0" timestamp="2024-05-09T15:55:47 IST" skipped="0">
  <testcase classname="TS_008_CHANGE_PASSWORD_FUNCTIONALITY.TC_GM_006_CHANGE_PASSWORD2" name="VALIDATE_password_hide_CHANGE_PASSWORD_FUNCTIONALITY_006" time="9.368"/>
  <system-out>
    <![CDATA[method nameVALIDATE_password_hide_CHANGE_PASSWORD_FUNCTIONALITY_006
method status1]]>
  </system-out>
</testsuite> <!-- TS_008_CHANGE_PASSWORD_FUNCTIONALITY.TC_GM_006_CHANGE_PASSWORD2 -->
