<?xml version="1.0" encoding="UTF-8"?>
<!-- Generated by org.testng.reporters.JUnitReportReporter -->
<testsuite hostname="DELL" failures="0" tests="1" name="TS_007_LOCATION_DISPLAY_PAGE_FUNCTIONALITY.TC_LDP_009_gm_location_display_functionality4" time="8.989" errors="0" timestamp="2024-05-09T15:01:55 IST" skipped="0">
  <testcase classname="TS_007_LOCATION_DISPLAY_PAGE_FUNCTIONALITY.TC_LDP_009_gm_location_display_functionality4" name="Validate_travelling_options_tc_gm_ldp_009" time="8.989"/>
  <system-out>
    <![CDATA[method nameValidate_travelling_options_tc_gm_ldp_009
method status1]]>
  </system-out>
</testsuite> <!-- TS_007_LOCATION_DISPLAY_PAGE_FUNCTIONALITY.TC_LDP_009_gm_location_display_functionality4 -->
