<?xml version="1.0" encoding="UTF-8"?>
<!-- Generated by org.testng.reporters.JUnitReportReporter -->
<testsuite hostname="DELL" failures="0" tests="1" name="TS_007_LOCATION_DISPLAY_PAGE_FUNCTIONALITY.TC_LDP_002_gm_location_display_functionality2" time="8.506" errors="0" timestamp="2024-05-09T14:19:54 IST" skipped="0">
  <testcase classname="TS_007_LOCATION_DISPLAY_PAGE_FUNCTIONALITY.TC_LDP_002_gm_location_display_functionality2" name="Validate_options_tc_gm_ldp_002" time="8.506"/>
  <system-out>
    <![CDATA[method nameValidate_options_tc_gm_ldp_002
method status1]]>
  </system-out>
</testsuite> <!-- TS_007_LOCATION_DISPLAY_PAGE_FUNCTIONALITY.TC_LDP_002_gm_location_display_functionality2 -->
