<?xml version="1.0" encoding="UTF-8"?>
<!-- Generated by org.testng.reporters.JUnitReportReporter -->
<testsuite hostname="DELL" failures="0" tests="1" name="TS_008_CHANGE_PASSWORD_FUNCTIONALITY.TC_GM_004_CHANGE_PASSWORD2" time="6.426" errors="0" timestamp="2024-05-09T15:19:18 IST" skipped="0">
  <testcase classname="TS_008_CHANGE_PASSWORD_FUNCTIONALITY.TC_GM_004_CHANGE_PASSWORD2" name="VALIDATE__enter_different_password_001" time="6.426"/>
  <system-out>
    <![CDATA[method nameVALIDATE__enter_different_password_001
method status1]]>
  </system-out>
</testsuite> <!-- TS_008_CHANGE_PASSWORD_FUNCTIONALITY.TC_GM_004_CHANGE_PASSWORD2 -->
