<?xml version="1.0" encoding="UTF-8"?>
<!-- Generated by org.testng.reporters.JUnitReportReporter -->
<testsuite hostname="DELL" failures="0" tests="1" name="TS_005_SEARCH_FUNCTIONALITY.TC_SF_010_SEARCH_FUNCTIONALITY2" time="5.289" errors="0" timestamp="2024-05-09T14:02:07 IST" skipped="0">
  <testcase classname="TS_005_SEARCH_FUNCTIONALITY.TC_SF_010_SEARCH_FUNCTIONALITY2" name="search_supported_env_gm_sf_010" time="5.289"/>
  <system-out>
    <![CDATA[method namesearch_supported_env_gm_sf_010
method status1]]>
  </system-out>
</testsuite> <!-- TS_005_SEARCH_FUNCTIONALITY.TC_SF_010_SEARCH_FUNCTIONALITY2 -->
