<?xml version="1.0" encoding="UTF-8"?>
<!-- Generated by org.testng.reporters.JUnitReportReporter -->
<testsuite hostname="DELL" failures="0" tests="1" name="TS_004_FORGOT_PASSWORD_FUNCTIONALITY.TC_FP_011_FORGOT_PASSWORD_FUNCTIONALITY3" time="8.241" errors="0" timestamp="2024-05-09T13:44:35 IST" skipped="0">
  <testcase classname="TS_004_FORGOT_PASSWORD_FUNCTIONALITY.TC_FP_011_FORGOT_PASSWORD_FUNCTIONALITY3" name="validate_toggle_key_password_change_fp_011" time="8.241"/>
  <system-out>
    <![CDATA[method namevalidate_toggle_key_password_change_fp_011
method status1]]>
  </system-out>
</testsuite> <!-- TS_004_FORGOT_PASSWORD_FUNCTIONALITY.TC_FP_011_FORGOT_PASSWORD_FUNCTIONALITY3 -->
