<?xml version="1.0" encoding="UTF-8"?>
<!-- Generated by org.testng.reporters.JUnitReportReporter -->
<testsuite hostname="DELL" failures="0" tests="1" name="TS_001_GM_REGISTRATION_FUNCTIONALITY.TC_010_GM_REGISTRATION_FUNCTIONALITY7" time="9.244" errors="0" timestamp="2024-05-09T10:12:42 IST" skipped="0">
  <testcase classname="TS_001_GM_REGISTRATION_FUNCTIONALITY.TC_010_GM_REGISTRATION_FUNCTIONALITY7" name="VALIDATE_supported_env_gm_rf__010" time="9.244"/>
  <system-out>
    <![CDATA[method nameVALIDATE_supported_env_gm_rf__010
method status1]]>
  </system-out>
</testsuite> <!-- TS_001_GM_REGISTRATION_FUNCTIONALITY.TC_010_GM_REGISTRATION_FUNCTIONALITY7 -->
