<?xml version="1.0" encoding="UTF-8"?>
<!-- Generated by org.testng.reporters.JUnitReportReporter -->
<testsuite hostname="DELL" failures="0" tests="1" name="TS_003_LOGOUT_FUNCTIONALITY.TC_LG_002_LOGOUT_FUNCTIONALITY2" time="20.455" errors="0" timestamp="2024-05-02T08:40:35 IST" skipped="0">
  <testcase classname="TS_003_LOGOUT_FUNCTIONALITY.TC_LG_002_LOGOUT_FUNCTIONALITY2" name="validate_logout_back_button_LOF_00" time="20.455"/>
  <system-out/>
</testsuite> <!-- TS_003_LOGOUT_FUNCTIONALITY.TC_LG_002_LOGOUT_FUNCTIONALITY2 -->
