<?xml version="1.0" encoding="UTF-8"?>
<!-- Generated by org.testng.reporters.JUnitReportReporter -->
<testsuite hostname="DELL" failures="0" tests="1" name="TS_001_GM_REGISTRATION_FUNCTIONALITY.TC_001_GM_REGISTRATION_FUNCTIONALITY" time="27.258" errors="0" timestamp="2024-05-09T10:01:48 IST" skipped="0">
  <testcase classname="TS_001_GM_REGISTRATION_FUNCTIONALITY.TC_001_GM_REGISTRATION_FUNCTIONALITY" name="register_account_1" time="27.258"/>
  <system-out>
    <![CDATA[method nameregister_account_1
method status1]]>
  </system-out>
</testsuite> <!-- TS_001_GM_REGISTRATION_FUNCTIONALITY.TC_001_GM_REGISTRATION_FUNCTIONALITY -->
