<?xml version="1.0" encoding="UTF-8"?>
<!-- Generated by org.testng.reporters.JUnitReportReporter -->
<testsuite hostname="DELL" failures="0" tests="1" name="TS_002_LOGIN_FUNCTIONALITY.TC_GM_011_LOGIN_FUNCTIONALITY4" time="9.523" errors="0" timestamp="2024-05-09T10:42:50 IST" skipped="0">
  <testcase classname="TS_002_LOGIN_FUNCTIONALITY.TC_GM_011_LOGIN_FUNCTIONALITY4" name="VALIDATE_rightclick_password_pagesource_LOGIN_011" time="9.523"/>
  <system-out>
    <![CDATA[method nameVALIDATE_rightclick_password_pagesource_LOGIN_011
method status1]]>
  </system-out>
</testsuite> <!-- TS_002_LOGIN_FUNCTIONALITY.TC_GM_011_LOGIN_FUNCTIONALITY4 -->
