<?xml version="1.0" encoding="UTF-8"?>
<!-- Generated by org.testng.reporters.JUnitReportReporter -->
<testsuite hostname="DELL" failures="0" tests="1" name="TS_001_GM_REGISTRATION_FUNCTIONALITY.TC_003_GM_REGISTRATION_FUNCTIONALITY2" time="7.838" errors="0" timestamp="2024-05-09T10:01:48 IST" skipped="0">
  <testcase classname="TS_001_GM_REGISTRATION_FUNCTIONALITY.TC_003_GM_REGISTRATION_FUNCTIONALITY2" name="existing_account_email_gm_rf_003" time="7.838"/>
  <system-out>
    <![CDATA[method nameexisting_account_email_gm_rf_003
method status1]]>
  </system-out>
</testsuite> <!-- TS_001_GM_REGISTRATION_FUNCTIONALITY.TC_003_GM_REGISTRATION_FUNCTIONALITY2 -->
