<?xml version="1.0" encoding="UTF-8"?>
<!-- Generated by org.testng.reporters.JUnitReportReporter -->
<testsuite hostname="DELL" failures="0" tests="1" name="TS_001_GM_REGISTRATION_FUNCTIONALITY.TC_007_GM_REGISTRATION_FUNCTIONALITY5" time="12.115" errors="0" timestamp="2024-05-01T09:08:44 IST" skipped="0">
  <testcase classname="TS_001_GM_REGISTRATION_FUNCTIONALITY.TC_007_GM_REGISTRATION_FUNCTIONALITY5" name="VALIDATE_title_url_GM_RF_008" time="12.115"/>
  <system-out/>
</testsuite> <!-- TS_001_GM_REGISTRATION_FUNCTIONALITY.TC_007_GM_REGISTRATION_FUNCTIONALITY5 -->
