<?xml version="1.0" encoding="UTF-8"?>
<!-- Generated by org.testng.reporters.JUnitReportReporter -->
<testsuite hostname="DELL" failures="0" tests="1" name="TS_006_HOME_PAGE_FUNCTIONALITY.TC_HP_003_HOME_PAGE_FUNCTIONALITY2" time="7.463" errors="0" timestamp="2024-05-03T09:29:18 IST" skipped="0">
  <testcase classname="TS_006_HOME_PAGE_FUNCTIONALITY.TC_HP_003_HOME_PAGE_FUNCTIONALITY2" name="validate_navigate_tO_home_page_tc_gm_hp_001" time="7.463"/>
  <system-out/>
</testsuite> <!-- TS_006_HOME_PAGE_FUNCTIONALITY.TC_HP_003_HOME_PAGE_FUNCTIONALITY2 -->
