<?xml version="1.0" encoding="UTF-8"?>
<!-- Generated by org.testng.reporters.JUnitReportReporter -->
<testsuite hostname="DELL" failures="0" tests="2" name="TS_002_LOGIN_FUNCTIONALITY.TC_GM_008_LOGIN_FUNCTIONALITY2" time="24.759" errors="0" timestamp="2024-05-09T10:42:50 IST" skipped="0">
  <testcase classname="TS_002_LOGIN_FUNCTIONALITY.TC_GM_008_LOGIN_FUNCTIONALITY2" name="VALIDATE_VALID_CREDENTIAL_LOGIN_001" time="15.274"/>
  <system-out>
    <![CDATA[method nameVALIDATE_VALID_CREDENTIAL_LOGIN_001
method status1]]>
  </system-out>
  <testcase classname="TS_002_LOGIN_FUNCTIONALITY.TC_GM_008_LOGIN_FUNCTIONALITY2" name="VALIDATE_BACK_BUTTON_AFTER_LOGOUT_LOGIN_008" time="9.485"/>
  <system-out>
    <![CDATA[method nameVALIDATE_BACK_BUTTON_AFTER_LOGOUT_LOGIN_008
method status1]]>
  </system-out>
</testsuite> <!-- TS_002_LOGIN_FUNCTIONALITY.TC_GM_008_LOGIN_FUNCTIONALITY2 -->
