<?xml version="1.0" encoding="UTF-8"?>
<!-- Generated by org.testng.reporters.JUnitReportReporter -->
<testsuite hostname="DELL" failures="0" tests="1" name="TS_007_LOCATION_DISPLAY_PAGE_FUNCTIONALITY.TC_LDP_006_gm_location_display_functionality4" time="8.906" errors="0" timestamp="2024-05-09T14:19:54 IST" skipped="0">
  <testcase classname="TS_007_LOCATION_DISPLAY_PAGE_FUNCTIONALITY.TC_LDP_006_gm_location_display_functionality4" name="Validate_your_location_tc_gm_ldp_006" time="8.906"/>
  <system-out>
    <![CDATA[method nameValidate_your_location_tc_gm_ldp_006
method status1]]>
  </system-out>
</testsuite> <!-- TS_007_LOCATION_DISPLAY_PAGE_FUNCTIONALITY.TC_LDP_006_gm_location_display_functionality4 -->
