<?xml version="1.0" encoding="UTF-8"?>
<!-- Generated by org.testng.reporters.JUnitReportReporter -->
<testsuite hostname="DELL" failures="0" tests="1" name="TS_008_CHANGE_PASSWORD_FUNCTIONALITY.TC_GM_008_CHANGE_PASSWORD3" time="9.574" errors="0" timestamp="2024-05-09T15:55:47 IST" skipped="0">
  <testcase classname="TS_008_CHANGE_PASSWORD_FUNCTIONALITY.TC_GM_008_CHANGE_PASSWORD3" name="VALIDATE_ui_CHANGE_PASSWORD_FUNCTIONALITY_008" time="9.574"/>
  <system-out>
    <![CDATA[method nameVALIDATE_ui_CHANGE_PASSWORD_FUNCTIONALITY_008
method status1]]>
  </system-out>
</testsuite> <!-- TS_008_CHANGE_PASSWORD_FUNCTIONALITY.TC_GM_008_CHANGE_PASSWORD3 -->
