<?xml version="1.0" encoding="UTF-8"?>
<!-- Generated by org.testng.reporters.JUnitReportReporter -->
<testsuite hostname="DELL" failures="0" tests="1" name="TS_005_SEARCH_FUNCTIONALITY.TC_SF_007_SEARCH_FUNCTIONALITY3" time="10.080" errors="0" timestamp="2024-05-09T14:02:07 IST" skipped="0">
  <testcase classname="TS_005_SEARCH_FUNCTIONALITY.TC_SF_007_SEARCH_FUNCTIONALITY3" name="search_button_gm_sf_006" time="10.080"/>
  <system-out>
    <![CDATA[method namesearch_button_gm_sf_006
method status1]]>
  </system-out>
</testsuite> <!-- TS_005_SEARCH_FUNCTIONALITY.TC_SF_007_SEARCH_FUNCTIONALITY3 -->
