<?xml version="1.0" encoding="UTF-8"?>
<!-- Generated by org.testng.reporters.JUnitReportReporter -->
<testsuite hostname="DELL" failures="0" tests="1" name="TS_006_HOME_PAGE_FUNCTIONALITY.TC_HP_004_HOME_PAGE_FUNCTIONALITY2" time="8.705" errors="0" timestamp="2024-05-09T14:09:30 IST" skipped="0">
  <testcase classname="TS_006_HOME_PAGE_FUNCTIONALITY.TC_HP_004_HOME_PAGE_FUNCTIONALITY2" name="validate_ui_home_page_tc_gm_hp_001" time="8.705"/>
  <system-out>
    <![CDATA[method namevalidate_ui_home_page_tc_gm_hp_001
method status1]]>
  </system-out>
</testsuite> <!-- TS_006_HOME_PAGE_FUNCTIONALITY.TC_HP_004_HOME_PAGE_FUNCTIONALITY2 -->
