<?xml version="1.0" encoding="UTF-8"?>
<!-- Generated by org.testng.reporters.JUnitReportReporter -->
<testsuite hostname="DELL" failures="0" tests="1" name="TS_001_GM_REGISTRATION_FUNCTIONALITY.TC_002_GM_REGISTRATION_FUNCTIONALITY2" time="8.050" errors="0" timestamp="2024-05-09T10:01:48 IST" skipped="0">
  <testcase classname="TS_001_GM_REGISTRATION_FUNCTIONALITY.TC_002_GM_REGISTRATION_FUNCTIONALITY2" name="dont_provide_details_gm_rf_002" time="8.050"/>
  <system-out>
    <![CDATA[method namedont_provide_details_gm_rf_002
method status1]]>
  </system-out>
</testsuite> <!-- TS_001_GM_REGISTRATION_FUNCTIONALITY.TC_002_GM_REGISTRATION_FUNCTIONALITY2 -->
