<?xml version="1.0" encoding="UTF-8"?>
<!-- Generated by org.testng.reporters.JUnitReportReporter -->
<testsuite hostname="DELL" failures="0" tests="1" name="TS_001_GM_REGISTRATION_FUNCTIONALITY.TC_005_GM_REGISTRATION_FUNCTIONALITY4" time="3.189" errors="0" timestamp="2024-05-09T10:01:48 IST" skipped="0">
  <testcase classname="TS_001_GM_REGISTRATION_FUNCTIONALITY.TC_005_GM_REGISTRATION_FUNCTIONALITY4" name="VALIDATE_FIELD_PLACEHOLDER_GM_RF_005" time="3.189"/>
  <system-out>
    <![CDATA[method nameVALIDATE_FIELD_PLACEHOLDER_GM_RF_005
method status1]]>
  </system-out>
</testsuite> <!-- TS_001_GM_REGISTRATION_FUNCTIONALITY.TC_005_GM_REGISTRATION_FUNCTIONALITY4 -->
