<?xml version="1.0" encoding="UTF-8"?>
<!-- Generated by org.testng.reporters.JUnitReportReporter -->
<testsuite hostname="DELL" failures="0" tests="1" name="TS_001_GM_REGISTRATION_FUNCTIONALITY.TC_009_GM_REGISTRATION_FUNCTIONALITY6" time="7.168" errors="0" timestamp="2024-05-09T10:12:42 IST" skipped="0">
  <testcase classname="TS_001_GM_REGISTRATION_FUNCTIONALITY.TC_009_GM_REGISTRATION_FUNCTIONALITY6" name="VALIDATE_gm_rf_ui_009" time="7.168"/>
  <system-out>
    <![CDATA[method nameVALIDATE_gm_rf_ui_009
method status1]]>
  </system-out>
</testsuite> <!-- TS_001_GM_REGISTRATION_FUNCTIONALITY.TC_009_GM_REGISTRATION_FUNCTIONALITY6 -->
