<?xml version="1.0" encoding="UTF-8"?>
<!-- Generated by org.testng.reporters.JUnitReportReporter -->
<testsuite hostname="DELL" failures="0" tests="1" name="TS_002_LOGIN_FUNCTIONALITY.TC_GM_009_LOGIN_FUNCTIONALITY2" time="14.404" errors="0" timestamp="2024-05-01T14:46:14 IST" skipped="0">
  <testcase classname="TS_002_LOGIN_FUNCTIONALITY.TC_GM_009_LOGIN_FUNCTIONALITY2" name="VALIDATE_password_toggle_hide_LOGIN_009" time="14.404"/>
  <system-out/>
</testsuite> <!-- TS_002_LOGIN_FUNCTIONALITY.TC_GM_009_LOGIN_FUNCTIONALITY2 -->
