<?xml version="1.0" encoding="UTF-8"?>
<!-- Generated by org.testng.reporters.JUnitReportReporter -->
<testsuite hostname="DELL" failures="0" tests="1" name="TS_004_FORGOT_PASSWORD_FUNCTIONALITY.TC_FP_013_FORGOT_PASSWORD_FUNCTIONALITY2" time="9.175" errors="0" timestamp="2024-05-09T13:44:35 IST" skipped="0">
  <testcase classname="TS_004_FORGOT_PASSWORD_FUNCTIONALITY.TC_FP_013_FORGOT_PASSWORD_FUNCTIONALITY2" name="validate_invalid_credintial_forgot_password_fp_001" time="9.175"/>
  <system-out>
    <![CDATA[method namevalidate_invalid_credintial_forgot_password_fp_001
method status1]]>
  </system-out>
</testsuite> <!-- TS_004_FORGOT_PASSWORD_FUNCTIONALITY.TC_FP_013_FORGOT_PASSWORD_FUNCTIONALITY2 -->
