<?xml version="1.0" encoding="UTF-8"?>
<!-- Generated by org.testng.reporters.JUnitReportReporter -->
<testsuite hostname="DELL" failures="0" tests="1" name="TS_004_FORGOT_PASSWORD_FUNCTIONALITY.TC_FP_010_FORGOT_PASSWORD_FUNCTIONALITY3" time="9.491" errors="0" timestamp="2024-05-09T13:44:35 IST" skipped="0">
  <testcase classname="TS_004_FORGOT_PASSWORD_FUNCTIONALITY.TC_FP_010_FORGOT_PASSWORD_FUNCTIONALITY3" name="validate_ui_fp_010" time="9.491"/>
  <system-out>
    <![CDATA[method namevalidate_ui_fp_010
method status1]]>
  </system-out>
</testsuite> <!-- TS_004_FORGOT_PASSWORD_FUNCTIONALITY.TC_FP_010_FORGOT_PASSWORD_FUNCTIONALITY3 -->
