<?xml version="1.0" encoding="UTF-8"?>
<!-- Generated by org.testng.reporters.JUnitReportReporter -->
<testsuite hostname="DELL" failures="0" tests="2" name="TS_003_LOGOUT_FUNCTIONALITY.TC_LG_004_LOGOUT_FUNCTIONALITY2" time="16.352" errors="0" timestamp="2024-05-09T13:25:51 IST" skipped="0">
  <testcase classname="TS_003_LOGOUT_FUNCTIONALITY.TC_LG_004_LOGOUT_FUNCTIONALITY2" name="logout_login_logout_immediately_after_logout" time="8.297"/>
  <system-out>
    <![CDATA[method namelogout_login_logout_immediately_after_logout
method status1]]>
  </system-out>
  <testcase classname="TS_003_LOGOUT_FUNCTIONALITY.TC_LG_004_LOGOUT_FUNCTIONALITY2" name="VALIDATE_VALID_CREDENTIAL_LOGIN_001" time="8.055"/>
  <system-out>
    <![CDATA[method nameVALIDATE_VALID_CREDENTIAL_LOGIN_001
method status1]]>
  </system-out>
</testsuite> <!-- TS_003_LOGOUT_FUNCTIONALITY.TC_LG_004_LOGOUT_FUNCTIONALITY2 -->
