<?xml version="1.0" encoding="UTF-8"?>
<!-- Generated by org.testng.reporters.JUnitReportReporter -->
<testsuite hostname="DELL" failures="0" tests="1" name="TS_004_FORGOT_PASSWORD_FUNCTIONALITY.TC_FP_007_FORGOT_PASSWORD_FUNCTIONALITY3" time="10.020" errors="0" timestamp="2024-05-09T13:44:35 IST" skipped="0">
  <testcase classname="TS_004_FORGOT_PASSWORD_FUNCTIONALITY.TC_FP_007_FORGOT_PASSWORD_FUNCTIONALITY3" name="validate_without_provide_recovery_otp_fp_001" time="10.020"/>
  <system-out>
    <![CDATA[method namevalidate_without_provide_recovery_otp_fp_001
method status1]]>
  </system-out>
</testsuite> <!-- TS_004_FORGOT_PASSWORD_FUNCTIONALITY.TC_FP_007_FORGOT_PASSWORD_FUNCTIONALITY3 -->
