<?xml version="1.0" encoding="UTF-8"?>
<!-- Generated by org.testng.reporters.JUnitReportReporter -->
<testsuite hostname="DELL" failures="0" tests="1" name="TS_005_SEARCH.TC_SF_001_SEARCH_FUNCTIONALITY" time="5.543" errors="0" timestamp="2024-05-03T08:02:48 IST" skipped="0">
  <testcase classname="TS_005_SEARCH.TC_SF_001_SEARCH_FUNCTIONALITY" name="search_existing_location_gm_sf_001" time="5.543"/>
  <system-out/>
</testsuite> <!-- TS_005_SEARCH.TC_SF_001_SEARCH_FUNCTIONALITY -->
