<?xml version="1.0" encoding="UTF-8"?>
<!-- Generated by org.testng.reporters.JUnitReportReporter -->
<testsuite hostname="DELL" failures="0" tests="1" name="TS_003_LOGOUT_FUNCTIONALITY.TC_LG_001_LOGOUT_FUNCTIONALITY" time="12.642" errors="0" timestamp="2024-05-09T10:54:16 IST" skipped="0">
  <testcase classname="TS_003_LOGOUT_FUNCTIONALITY.TC_LG_001_LOGOUT_FUNCTIONALITY" name="logout_LOF_001" time="12.642"/>
  <system-out/>
</testsuite> <!-- TS_003_LOGOUT_FUNCTIONALITY.TC_LG_001_LOGOUT_FUNCTIONALITY -->
