<?xml version="1.0" encoding="UTF-8"?>
<!-- Generated by org.testng.reporters.JUnitReportReporter -->
<testsuite hostname="DELL" failures="0" tests="1" name="TS_002_LOGIN_FUNCTIONALITY.TC_GM_014_LOGIN_FUNCTIONALITY2" time="18.009" errors="0" timestamp="2024-05-09T10:42:50 IST" skipped="0">
  <testcase classname="TS_002_LOGIN_FUNCTIONALITY.TC_GM_014_LOGIN_FUNCTIONALITY2" name="VALIDATE_ui_gm_lf_014" time="18.009"/>
  <system-out>
    <![CDATA[method nameVALIDATE_ui_gm_lf_014
method status1]]>
  </system-out>
</testsuite> <!-- TS_002_LOGIN_FUNCTIONALITY.TC_GM_014_LOGIN_FUNCTIONALITY2 -->
