<?xml version="1.0" encoding="UTF-8"?>
<!-- Generated by org.testng.reporters.JUnitReportReporter -->
<testsuite hostname="DELL" failures="0" tests="1" name="TS_004_FORGOT_PASSWORD_FUNCTIONALITY.TC_FP_009_FORGOT_PASSWORD_FUNCTIONALITY3" time="8.318" errors="0" timestamp="2024-05-09T13:44:35 IST" skipped="0">
  <testcase classname="TS_004_FORGOT_PASSWORD_FUNCTIONALITY.TC_FP_009_FORGOT_PASSWORD_FUNCTIONALITY3" name="validate_backbutton__fp_009" time="8.318"/>
  <system-out>
    <![CDATA[method namevalidate_backbutton__fp_009
method status1]]>
  </system-out>
</testsuite> <!-- TS_004_FORGOT_PASSWORD_FUNCTIONALITY.TC_FP_009_FORGOT_PASSWORD_FUNCTIONALITY3 -->
