<?xml version="1.0" encoding="UTF-8"?>
<!-- Generated by org.testng.reporters.JUnitReportReporter -->
<testsuite hostname="DELL" failures="0" tests="2" name="TS_003_LOGOUT_FUNCTIONALITY.TC_LG_003_LOGOUT_FUNCTIONALITY2" time="13.908" errors="0" timestamp="2024-05-09T13:25:51 IST" skipped="0">
  <testcase classname="TS_003_LOGOUT_FUNCTIONALITY.TC_LG_003_LOGOUT_FUNCTIONALITY2" name="VALIDATE_VALID_CREDENTIAL_LOGIN_001" time="5.260"/>
  <system-out>
    <![CDATA[method nameVALIDATE_VALID_CREDENTIAL_LOGIN_001
method status1]]>
  </system-out>
  <testcase classname="TS_003_LOGOUT_FUNCTIONALITY.TC_LG_003_LOGOUT_FUNCTIONALITY2" name="logout_LF_LOGOUT_OPTION_NOT_DISPLAYED" time="8.648"/>
  <system-out>
    <![CDATA[method namelogout_LF_LOGOUT_OPTION_NOT_DISPLAYED
method status1]]>
  </system-out>
</testsuite> <!-- TS_003_LOGOUT_FUNCTIONALITY.TC_LG_003_LOGOUT_FUNCTIONALITY2 -->
