<?xml version="1.0" encoding="UTF-8"?>
<!-- Generated by org.testng.reporters.JUnitReportReporter -->
<testsuite hostname="DELL" failures="0" tests="1" name="TS_007_LOCATION_DISPLAY_PAGE_FUNCTIONALITY.TC_LDP_004_gm_location_display_functionality2" time="9.431" errors="0" timestamp="2024-05-09T14:19:54 IST" skipped="0">
  <testcase classname="TS_007_LOCATION_DISPLAY_PAGE_FUNCTIONALITY.TC_LDP_004_gm_location_display_functionality2" name="Validate_availability_starting_location_tc_gm_ldp_005" time="9.431"/>
  <system-out>
    <![CDATA[method nameValidate_availability_starting_location_tc_gm_ldp_005
method status1]]>
  </system-out>
</testsuite> <!-- TS_007_LOCATION_DISPLAY_PAGE_FUNCTIONALITY.TC_LDP_004_gm_location_display_functionality2 -->
